<?xml version="1.0" encoding="UTF-8"?>
<testng-results ignored="0" total="3" passed="3" failed="0" skipped="0">
  <reporter-output>
  </reporter-output>
  <suite started-at="2021-09-06T15:15:44 CDT" name="Default suite" finished-at="2021-09-06T15:15:44 CDT" duration-ms="89">
    <groups>
    </groups>
    <test started-at="2021-09-06T15:15:44 CDT" name="Default test" finished-at="2021-09-06T15:15:44 CDT" duration-ms="89">
      <class name="testNG.AnnotationsMethod">
        <test-method is-config="true" signature="beforeMethod()[pri:0, instance:testNG.AnnotationsMethod@2e1d27ba]" started-at="2021-09-06T15:15:44 CDT" name="beforeMethod" finished-at="2021-09-06T15:15:44 CDT" duration-ms="8" status="PASS">
          <reporter-output>
          </reporter-output>
        </test-method> <!-- beforeMethod -->
        <test-method signature="p()[pri:1, instance:testNG.AnnotationsMethod@2e1d27ba]" started-at="2021-09-06T15:15:44 CDT" name="p" finished-at="2021-09-06T15:15:44 CDT" duration-ms="9" status="PASS">
          <reporter-output>
          </reporter-output>
        </test-method> <!-- p -->
        <test-method is-config="true" signature="afterMethod()[pri:0, instance:testNG.AnnotationsMethod@2e1d27ba]" started-at="2021-09-06T15:15:44 CDT" name="afterMethod" finished-at="2021-09-06T15:15:44 CDT" duration-ms="0" status="PASS">
          <reporter-output>
          </reporter-output>
        </test-method> <!-- afterMethod -->
        <test-method is-config="true" signature="beforeMethod()[pri:0, instance:testNG.AnnotationsMethod@2e1d27ba]" started-at="2021-09-06T15:15:44 CDT" name="beforeMethod" finished-at="2021-09-06T15:15:44 CDT" duration-ms="0" status="PASS">
          <reporter-output>
          </reporter-output>
        </test-method> <!-- beforeMethod -->
        <test-method signature="a()[pri:2, instance:testNG.AnnotationsMethod@2e1d27ba]" started-at="2021-09-06T15:15:44 CDT" name="a" finished-at="2021-09-06T15:15:44 CDT" duration-ms="3" status="PASS">
          <reporter-output>
          </reporter-output>
        </test-method> <!-- a -->
        <test-method is-config="true" signature="afterMethod()[pri:0, instance:testNG.AnnotationsMethod@2e1d27ba]" started-at="2021-09-06T15:15:44 CDT" name="afterMethod" finished-at="2021-09-06T15:15:44 CDT" duration-ms="1" status="PASS">
          <reporter-output>
          </reporter-output>
        </test-method> <!-- afterMethod -->
        <test-method is-config="true" signature="beforeMethod()[pri:0, instance:testNG.AnnotationsMethod@2e1d27ba]" started-at="2021-09-06T15:15:44 CDT" name="beforeMethod" finished-at="2021-09-06T15:15:44 CDT" duration-ms="1" status="PASS">
          <reporter-output>
          </reporter-output>
        </test-method> <!-- beforeMethod -->
        <test-method signature="f()[pri:3, instance:testNG.AnnotationsMethod@2e1d27ba]" started-at="2021-09-06T15:15:44 CDT" name="f" finished-at="2021-09-06T15:15:44 CDT" duration-ms="2" status="PASS">
          <reporter-output>
          </reporter-output>
        </test-method> <!-- f -->
        <test-method is-config="true" signature="afterMethod()[pri:0, instance:testNG.AnnotationsMethod@2e1d27ba]" started-at="2021-09-06T15:15:44 CDT" name="afterMethod" finished-at="2021-09-06T15:15:44 CDT" duration-ms="1" status="PASS">
          <reporter-output>
          </reporter-output>
        </test-method> <!-- afterMethod -->
      </class> <!-- testNG.AnnotationsMethod -->
    </test> <!-- Default test -->
  </suite> <!-- Default suite -->
</testng-results>
