<?xml version="1.0" encoding="UTF-8"?>
<testng-results ignored="0" total="1" passed="1" failed="0" skipped="0">
  <reporter-output>
  </reporter-output>
  <suite started-at="2021-09-05T18:42:23 CDT" name="Default suite" finished-at="2021-09-05T18:42:46 CDT" duration-ms="22872">
    <groups>
    </groups>
    <test started-at="2021-09-05T18:42:23 CDT" name="Default test" finished-at="2021-09-05T18:42:46 CDT" duration-ms="22872">
      <class name="testNG.NewTest">
        <test-method signature="f()[pri:0, instance:testNG.NewTest@4f67eb2a]" started-at="2021-09-05T18:42:23 CDT" name="f" finished-at="2021-09-05T18:42:46 CDT" duration-ms="22750" status="PASS">
          <reporter-output>
          </reporter-output>
        </test-method> <!-- f -->
      </class> <!-- testNG.NewTest -->
    </test> <!-- Default test -->
  </suite> <!-- Default suite -->
</testng-results>
