<?xml version="1.0" encoding="UTF-8"?>
<!-- Generated by org.testng.reporters.JUnitXMLReporter -->
<testsuite ignored="0" hostname="DESKTOP-V051NO7" failures="0" tests="3" name="Default test" time="0.089" errors="0" timestamp="2021-09-06T15:15:44 CDT">
  <testcase classname="testNG.AnnotationsMethod" name="p" time="0.009"/>
  <testcase classname="testNG.AnnotationsMethod" name="a" time="0.003"/>
  <testcase classname="testNG.AnnotationsMethod" name="f" time="0.002"/>
</testsuite> <!-- Default test -->
